{"error":{},"level":"error","message":"uncaughtException: morgan is not defined\nReferenceError: morgan is not defined\n    at Object.<anonymous> (/Users/romeoenso/Desktop/Sites/calendar-scheduler/index.js:12:5)\n    at Module._compile (internal/modules/cjs/loader.js:774:30)\n    at Object.Module._extensions..js (internal/modules/cjs/loader.js:785:10)\n    at Module.load (internal/modules/cjs/loader.js:641:32)\n    at Function.Module._load (internal/modules/cjs/loader.js:556:12)\n    at Function.Module.runMain (internal/modules/cjs/loader.js:837:10)\n    at internal/main/run_main_module.js:17:11","stack":"ReferenceError: morgan is not defined\n    at Object.<anonymous> (/Users/romeoenso/Desktop/Sites/calendar-scheduler/index.js:12:5)\n    at Module._compile (internal/modules/cjs/loader.js:774:30)\n    at Object.Module._extensions..js (internal/modules/cjs/loader.js:785:10)\n    at Module.load (internal/modules/cjs/loader.js:641:32)\n    at Function.Module._load (internal/modules/cjs/loader.js:556:12)\n    at Function.Module.runMain (internal/modules/cjs/loader.js:837:10)\n    at internal/main/run_main_module.js:17:11","exception":true,"date":"Tue Nov 19 2019 09:54:49 GMT+0800 (Philippine Standard Time)","process":{"pid":6357,"uid":501,"gid":20,"cwd":"/Users/romeoenso/Desktop/Sites/calendar-scheduler","execPath":"/usr/local/Cellar/node/12.4.0/bin/node","version":"v12.4.0","argv":["/usr/local/Cellar/node/12.4.0/bin/node","/Users/romeoenso/Desktop/Sites/calendar-scheduler/index.js"],"memoryUsage":{"rss":35000320,"heapTotal":17649664,"heapUsed":9437184,"external":1356677}},"os":{"loadavg":[2.68701171875,2.8759765625,2.75244140625],"uptime":1624},"trace":[{"column":5,"file":"/Users/romeoenso/Desktop/Sites/calendar-scheduler/index.js","function":null,"line":12,"method":null,"native":false},{"column":30,"file":"internal/modules/cjs/loader.js","function":"Module._compile","line":774,"method":"_compile","native":false},{"column":10,"file":"internal/modules/cjs/loader.js","function":"Module._extensions..js","line":785,"method":".js","native":false},{"column":32,"file":"internal/modules/cjs/loader.js","function":"Module.load","line":641,"method":"load","native":false},{"column":12,"file":"internal/modules/cjs/loader.js","function":"Module._load","line":556,"method":"_load","native":false},{"column":10,"file":"internal/modules/cjs/loader.js","function":"Module.runMain","line":837,"method":"runMain","native":false},{"column":11,"file":"internal/main/run_main_module.js","function":null,"line":17,"method":null,"native":false}]}
{"error":{},"level":"error","message":"uncaughtException: connectDB is not a function\nTypeError: connectDB is not a function\n    at Object.<anonymous> (/Users/romeoenso/Desktop/Sites/calendar-scheduler/index.js:20:16)\n    at Module._compile (internal/modules/cjs/loader.js:774:30)\n    at Object.Module._extensions..js (internal/modules/cjs/loader.js:785:10)\n    at Module.load (internal/modules/cjs/loader.js:641:32)\n    at Function.Module._load (internal/modules/cjs/loader.js:556:12)\n    at Function.Module.runMain (internal/modules/cjs/loader.js:837:10)\n    at internal/main/run_main_module.js:17:11","stack":"TypeError: connectDB is not a function\n    at Object.<anonymous> (/Users/romeoenso/Desktop/Sites/calendar-scheduler/index.js:20:16)\n    at Module._compile (internal/modules/cjs/loader.js:774:30)\n    at Object.Module._extensions..js (internal/modules/cjs/loader.js:785:10)\n    at Module.load (internal/modules/cjs/loader.js:641:32)\n    at Function.Module._load (internal/modules/cjs/loader.js:556:12)\n    at Function.Module.runMain (internal/modules/cjs/loader.js:837:10)\n    at internal/main/run_main_module.js:17:11","exception":true,"date":"Tue Nov 19 2019 09:56:25 GMT+0800 (Philippine Standard Time)","process":{"pid":6421,"uid":501,"gid":20,"cwd":"/Users/romeoenso/Desktop/Sites/calendar-scheduler","execPath":"/usr/local/Cellar/node/12.4.0/bin/node","version":"v12.4.0","argv":["/usr/local/Cellar/node/12.4.0/bin/node","/Users/romeoenso/Desktop/Sites/calendar-scheduler/index.js"],"memoryUsage":{"rss":49094656,"heapTotal":32149504,"heapUsed":18111056,"external":21140849}},"os":{"loadavg":[2.86328125,2.923828125,2.78271484375],"uptime":1720},"trace":[{"column":16,"file":"/Users/romeoenso/Desktop/Sites/calendar-scheduler/index.js","function":null,"line":20,"method":null,"native":false},{"column":30,"file":"internal/modules/cjs/loader.js","function":"Module._compile","line":774,"method":"_compile","native":false},{"column":10,"file":"internal/modules/cjs/loader.js","function":"Module._extensions..js","line":785,"method":".js","native":false},{"column":32,"file":"internal/modules/cjs/loader.js","function":"Module.load","line":641,"method":"load","native":false},{"column":12,"file":"internal/modules/cjs/loader.js","function":"Module._load","line":556,"method":"_load","native":false},{"column":10,"file":"internal/modules/cjs/loader.js","function":"Module.runMain","line":837,"method":"runMain","native":false},{"column":11,"file":"internal/main/run_main_module.js","function":null,"line":17,"method":null,"native":false}]}
{"error":{},"level":"error","message":"uncaughtException: connectDB is not a function\nTypeError: connectDB is not a function\n    at Object.<anonymous> (/Users/romeoenso/Desktop/Sites/calendar-scheduler/index.js:20:16)\n    at Module._compile (internal/modules/cjs/loader.js:774:30)\n    at Object.Module._extensions..js (internal/modules/cjs/loader.js:785:10)\n    at Module.load (internal/modules/cjs/loader.js:641:32)\n    at Function.Module._load (internal/modules/cjs/loader.js:556:12)\n    at Function.Module.runMain (internal/modules/cjs/loader.js:837:10)\n    at internal/main/run_main_module.js:17:11","stack":"TypeError: connectDB is not a function\n    at Object.<anonymous> (/Users/romeoenso/Desktop/Sites/calendar-scheduler/index.js:20:16)\n    at Module._compile (internal/modules/cjs/loader.js:774:30)\n    at Object.Module._extensions..js (internal/modules/cjs/loader.js:785:10)\n    at Module.load (internal/modules/cjs/loader.js:641:32)\n    at Function.Module._load (internal/modules/cjs/loader.js:556:12)\n    at Function.Module.runMain (internal/modules/cjs/loader.js:837:10)\n    at internal/main/run_main_module.js:17:11","exception":true,"date":"Tue Nov 19 2019 09:56:59 GMT+0800 (Philippine Standard Time)","process":{"pid":6456,"uid":501,"gid":20,"cwd":"/Users/romeoenso/Desktop/Sites/calendar-scheduler","execPath":"/usr/local/Cellar/node/12.4.0/bin/node","version":"v12.4.0","argv":["/usr/local/Cellar/node/12.4.0/bin/node","/Users/romeoenso/Desktop/Sites/calendar-scheduler/index.js"],"memoryUsage":{"rss":49393664,"heapTotal":32149504,"heapUsed":17841384,"external":21140849}},"os":{"loadavg":[2.7373046875,2.89599609375,2.77783203125],"uptime":1754},"trace":[{"column":16,"file":"/Users/romeoenso/Desktop/Sites/calendar-scheduler/index.js","function":null,"line":20,"method":null,"native":false},{"column":30,"file":"internal/modules/cjs/loader.js","function":"Module._compile","line":774,"method":"_compile","native":false},{"column":10,"file":"internal/modules/cjs/loader.js","function":"Module._extensions..js","line":785,"method":".js","native":false},{"column":32,"file":"internal/modules/cjs/loader.js","function":"Module.load","line":641,"method":"load","native":false},{"column":12,"file":"internal/modules/cjs/loader.js","function":"Module._load","line":556,"method":"_load","native":false},{"column":10,"file":"internal/modules/cjs/loader.js","function":"Module.runMain","line":837,"method":"runMain","native":false},{"column":11,"file":"internal/main/run_main_module.js","function":null,"line":17,"method":null,"native":false}]}
{"error":{},"level":"error","message":"uncaughtException: database is not defined\nReferenceError: database is not defined\n    at connectDb (/Users/romeoenso/Desktop/Sites/calendar-scheduler/src/config/mongoose.js:5:15)\n    at Object.<anonymous> (/Users/romeoenso/Desktop/Sites/calendar-scheduler/index.js:20:16)\n    at Module._compile (internal/modules/cjs/loader.js:774:30)\n    at Object.Module._extensions..js (internal/modules/cjs/loader.js:785:10)\n    at Module.load (internal/modules/cjs/loader.js:641:32)\n    at Function.Module._load (internal/modules/cjs/loader.js:556:12)\n    at Function.Module.runMain (internal/modules/cjs/loader.js:837:10)\n    at internal/main/run_main_module.js:17:11","stack":"ReferenceError: database is not defined\n    at connectDb (/Users/romeoenso/Desktop/Sites/calendar-scheduler/src/config/mongoose.js:5:15)\n    at Object.<anonymous> (/Users/romeoenso/Desktop/Sites/calendar-scheduler/index.js:20:16)\n    at Module._compile (internal/modules/cjs/loader.js:774:30)\n    at Object.Module._extensions..js (internal/modules/cjs/loader.js:785:10)\n    at Module.load (internal/modules/cjs/loader.js:641:32)\n    at Function.Module._load (internal/modules/cjs/loader.js:556:12)\n    at Function.Module.runMain (internal/modules/cjs/loader.js:837:10)\n    at internal/main/run_main_module.js:17:11","exception":true,"date":"Tue Nov 19 2019 11:00:08 GMT+0800 (Philippine Standard Time)","process":{"pid":11820,"uid":501,"gid":20,"cwd":"/Users/romeoenso/Desktop/Sites/calendar-scheduler","execPath":"/usr/local/Cellar/node/12.4.0/bin/node","version":"v12.4.0","argv":["/usr/local/Cellar/node/12.4.0/bin/node","/Users/romeoenso/Desktop/Sites/calendar-scheduler/index.js"],"memoryUsage":{"rss":48488448,"heapTotal":32149504,"heapUsed":17602744,"external":21122091}},"os":{"loadavg":[2.8232421875,2.6611328125,2.4833984375],"uptime":5543},"trace":[{"column":15,"file":"/Users/romeoenso/Desktop/Sites/calendar-scheduler/src/config/mongoose.js","function":"connectDb","line":5,"method":null,"native":false},{"column":16,"file":"/Users/romeoenso/Desktop/Sites/calendar-scheduler/index.js","function":null,"line":20,"method":null,"native":false},{"column":30,"file":"internal/modules/cjs/loader.js","function":"Module._compile","line":774,"method":"_compile","native":false},{"column":10,"file":"internal/modules/cjs/loader.js","function":"Module._extensions..js","line":785,"method":".js","native":false},{"column":32,"file":"internal/modules/cjs/loader.js","function":"Module.load","line":641,"method":"load","native":false},{"column":12,"file":"internal/modules/cjs/loader.js","function":"Module._load","line":556,"method":"_load","native":false},{"column":10,"file":"internal/modules/cjs/loader.js","function":"Module.runMain","line":837,"method":"runMain","native":false},{"column":11,"file":"internal/main/run_main_module.js","function":null,"line":17,"method":null,"native":false}]}
{"error":{},"level":"error","message":"uncaughtException: database is not defined\nReferenceError: database is not defined\n    at connectDb (/Users/romeoenso/Desktop/Sites/calendar-scheduler/src/config/mongoose.js:12:15)\n    at Object.<anonymous> (/Users/romeoenso/Desktop/Sites/calendar-scheduler/index.js:20:16)\n    at Module._compile (internal/modules/cjs/loader.js:774:30)\n    at Object.Module._extensions..js (internal/modules/cjs/loader.js:785:10)\n    at Module.load (internal/modules/cjs/loader.js:641:32)\n    at Function.Module._load (internal/modules/cjs/loader.js:556:12)\n    at Function.Module.runMain (internal/modules/cjs/loader.js:837:10)\n    at internal/main/run_main_module.js:17:11","stack":"ReferenceError: database is not defined\n    at connectDb (/Users/romeoenso/Desktop/Sites/calendar-scheduler/src/config/mongoose.js:12:15)\n    at Object.<anonymous> (/Users/romeoenso/Desktop/Sites/calendar-scheduler/index.js:20:16)\n    at Module._compile (internal/modules/cjs/loader.js:774:30)\n    at Object.Module._extensions..js (internal/modules/cjs/loader.js:785:10)\n    at Module.load (internal/modules/cjs/loader.js:641:32)\n    at Function.Module._load (internal/modules/cjs/loader.js:556:12)\n    at Function.Module.runMain (internal/modules/cjs/loader.js:837:10)\n    at internal/main/run_main_module.js:17:11","exception":true,"date":"Tue Nov 19 2019 11:00:13 GMT+0800 (Philippine Standard Time)","process":{"pid":11834,"uid":501,"gid":20,"cwd":"/Users/romeoenso/Desktop/Sites/calendar-scheduler","execPath":"/usr/local/Cellar/node/12.4.0/bin/node","version":"v12.4.0","argv":["/usr/local/Cellar/node/12.4.0/bin/node","/Users/romeoenso/Desktop/Sites/calendar-scheduler/index.js"],"memoryUsage":{"rss":48140288,"heapTotal":31100928,"heapUsed":17592280,"external":21122091}},"os":{"loadavg":[2.9970703125,2.69970703125,2.498046875],"uptime":5548},"trace":[{"column":15,"file":"/Users/romeoenso/Desktop/Sites/calendar-scheduler/src/config/mongoose.js","function":"connectDb","line":12,"method":null,"native":false},{"column":16,"file":"/Users/romeoenso/Desktop/Sites/calendar-scheduler/index.js","function":null,"line":20,"method":null,"native":false},{"column":30,"file":"internal/modules/cjs/loader.js","function":"Module._compile","line":774,"method":"_compile","native":false},{"column":10,"file":"internal/modules/cjs/loader.js","function":"Module._extensions..js","line":785,"method":".js","native":false},{"column":32,"file":"internal/modules/cjs/loader.js","function":"Module.load","line":641,"method":"load","native":false},{"column":12,"file":"internal/modules/cjs/loader.js","function":"Module._load","line":556,"method":"_load","native":false},{"column":10,"file":"internal/modules/cjs/loader.js","function":"Module.runMain","line":837,"method":"runMain","native":false},{"column":11,"file":"internal/main/run_main_module.js","function":null,"line":17,"method":null,"native":false}]}
{"message":"::1 - - [19/Nov/2019:03:11:01 +0000] \"GET /seed/ HTTP/1.1\" 500 1068 \"-\" \"PostmanRuntime/7.19.0\"\n","level":"info"}
{"message":"::1 - - [19/Nov/2019:03:11:28 +0000] \"GET /seed/ HTTP/1.1\" 500 970 \"-\" \"PostmanRuntime/7.19.0\"\n","level":"info"}
{"message":"::1 - - [19/Nov/2019:03:12:49 +0000] \"GET /seed/ HTTP/1.1\" 500 1068 \"-\" \"PostmanRuntime/7.19.0\"\n","level":"info"}
{"message":"::1 - - [19/Nov/2019:03:12:56 +0000] \"GET /seed/ HTTP/1.1\" 500 1068 \"-\" \"PostmanRuntime/7.19.0\"\n","level":"info"}
{"message":"::1 - - [19/Nov/2019:03:13:28 +0000] \"GET /seed/ HTTP/1.1\" 200 16 \"-\" \"PostmanRuntime/7.19.0\"\n","level":"info"}
{"message":"::1 - - [19/Nov/2019:03:16:07 +0000] \"GET /seed/ HTTP/1.1\" 500 2 \"-\" \"PostmanRuntime/7.19.0\"\n","level":"info"}
{"message":"::1 - - [19/Nov/2019:03:16:16 +0000] \"GET /seed/ HTTP/1.1\" 500 2 \"-\" \"PostmanRuntime/7.19.0\"\n","level":"info"}
{"message":"::1 - - [19/Nov/2019:03:16:25 +0000] \"GET /seed/ HTTP/1.1\" 200 16 \"-\" \"PostmanRuntime/7.19.0\"\n","level":"info"}
{"message":"::1 - - [19/Nov/2019:03:17:11 +0000] \"GET /seed/ HTTP/1.1\" 500 2 \"-\" \"PostmanRuntime/7.19.0\"\n","level":"info"}
{"message":"::1 - - [19/Nov/2019:03:17:17 +0000] \"GET /seed/ HTTP/1.1\" 200 16 \"-\" \"PostmanRuntime/7.19.0\"\n","level":"info"}
{"message":"::1 - - [19/Nov/2019:03:17:53 +0000] \"GET /seed/ HTTP/1.1\" 500 2 \"-\" \"PostmanRuntime/7.19.0\"\n","level":"info"}
{"message":"::1 - - [19/Nov/2019:03:18:33 +0000] \"GET /seed/ HTTP/1.1\" 500 2 \"-\" \"PostmanRuntime/7.19.0\"\n","level":"info"}
{"message":"::1 - - [19/Nov/2019:03:18:54 +0000] \"GET /seed/ HTTP/1.1\" 500 2 \"-\" \"PostmanRuntime/7.19.0\"\n","level":"info"}
{"message":"::1 - - [19/Nov/2019:03:19:08 +0000] \"GET /seed/ HTTP/1.1\" 500 2 \"-\" \"PostmanRuntime/7.19.0\"\n","level":"info"}
{"message":"::1 - - [19/Nov/2019:03:19:20 +0000] \"GET /seed/ HTTP/1.1\" 500 2 \"-\" \"PostmanRuntime/7.19.0\"\n","level":"info"}
{"message":"::1 - - [19/Nov/2019:03:19:22 +0000] \"GET /seed/ HTTP/1.1\" 500 2 \"-\" \"PostmanRuntime/7.19.0\"\n","level":"info"}
{"message":"::1 - - [19/Nov/2019:03:19:28 +0000] \"GET /seed/ HTTP/1.1\" 200 16 \"-\" \"PostmanRuntime/7.19.0\"\n","level":"info"}
{"message":"::1 - - [19/Nov/2019:03:21:10 +0000] \"GET /seed/ HTTP/1.1\" 500 2 \"-\" \"PostmanRuntime/7.19.0\"\n","level":"info"}
{"message":"::1 - - [19/Nov/2019:03:21:28 +0000] \"GET /seed/ HTTP/1.1\" 200 16 \"-\" \"PostmanRuntime/7.19.0\"\n","level":"info"}
{"message":"::1 - - [19/Nov/2019:03:21:52 +0000] \"GET /seed/ HTTP/1.1\" 200 16 \"-\" \"PostmanRuntime/7.19.0\"\n","level":"info"}
{"message":"::1 - - [19/Nov/2019:03:22:32 +0000] \"GET /seed/ HTTP/1.1\" 200 16 \"-\" \"PostmanRuntime/7.19.0\"\n","level":"info"}
{"message":"::1 - - [19/Nov/2019:03:53:09 +0000] \"GET /orgs/axa/members HTTP/1.1\" 200 179 \"-\" \"PostmanRuntime/7.19.0\"\n","level":"info"}
{"message":"::1 - - [19/Nov/2019:03:53:22 +0000] \"GET /orgs/axa/members HTTP/1.1\" 200 179 \"-\" \"PostmanRuntime/7.19.0\"\n","level":"info"}
{"message":"::1 - - [19/Nov/2019:03:53:28 +0000] \"GET /orgs/axa/members HTTP/1.1\" 200 179 \"-\" \"PostmanRuntime/7.19.0\"\n","level":"info"}
{"message":"::1 - - [19/Nov/2019:03:54:07 +0000] \"GET /orgs/axa/members HTTP/1.1\" 200 179 \"-\" \"PostmanRuntime/7.19.0\"\n","level":"info"}
{"message":"::1 - - [19/Nov/2019:03:54:10 +0000] \"GET /orgs/axa/members HTTP/1.1\" 200 179 \"-\" \"PostmanRuntime/7.19.0\"\n","level":"info"}
{"message":"::1 - - [19/Nov/2019:03:54:20 +0000] \"GET /orgs/axa/ HTTP/1.1\" 404 148 \"-\" \"PostmanRuntime/7.19.0\"\n","level":"info"}
{"message":"::1 - - [19/Nov/2019:03:54:22 +0000] \"GET /orgs/axa// HTTP/1.1\" 404 149 \"-\" \"PostmanRuntime/7.19.0\"\n","level":"info"}
{"message":"::1 - - [19/Nov/2019:03:54:23 +0000] \"GET /orgs/axa/ HTTP/1.1\" 404 148 \"-\" \"PostmanRuntime/7.19.0\"\n","level":"info"}
{"message":"::1 - - [19/Nov/2019:03:54:39 +0000] \"GET /orgs/axa/ HTTP/1.1\" 404 148 \"-\" \"PostmanRuntime/7.19.0\"\n","level":"info"}
{"message":"::1 - - [19/Nov/2019:03:54:42 +0000] \"GET /orgs/axa/members HTTP/1.1\" 200 179 \"-\" \"PostmanRuntime/7.19.0\"\n","level":"info"}
{"message":"::1 - - [19/Nov/2019:03:54:48 +0000] \"GET /orgs/axa/members HTTP/1.1\" 200 179 \"-\" \"PostmanRuntime/7.19.0\"\n","level":"info"}
{"message":"::1 - - [19/Nov/2019:03:55:40 +0000] \"GET /orgs/axa/members HTTP/1.1\" 200 226 \"-\" \"PostmanRuntime/7.19.0\"\n","level":"info"}
{"message":"::1 - - [19/Nov/2019:03:55:48 +0000] \"GET /orgs/axa/members HTTP/1.1\" 200 226 \"-\" \"PostmanRuntime/7.19.0\"\n","level":"info"}
{"message":"::1 - - [19/Nov/2019:03:55:52 +0000] \"GET /orgs/axa/members HTTP/1.1\" 200 226 \"-\" \"PostmanRuntime/7.19.0\"\n","level":"info"}
{"message":"::1 - - [19/Nov/2019:03:56:03 +0000] \"GET /orgs/Axa/members HTTP/1.1\" 200 226 \"-\" \"PostmanRuntime/7.19.0\"\n","level":"info"}
{"message":"::1 - - [19/Nov/2019:03:56:14 +0000] \"GET /orgs/Axa/members HTTP/1.1\" 200 226 \"-\" \"PostmanRuntime/7.19.0\"\n","level":"info"}
{"message":"::1 - - [19/Nov/2019:03:56:18 +0000] \"GET /orgs/Axa/members HTTP/1.1\" 200 226 \"-\" \"PostmanRuntime/7.19.0\"\n","level":"info"}
{"message":"::1 - - [19/Nov/2019:03:56:25 +0000] \"GET /orgs/Axa/members HTTP/1.1\" 200 226 \"-\" \"PostmanRuntime/7.19.0\"\n","level":"info"}
{"message":"::1 - - [19/Nov/2019:03:56:40 +0000] \"GET /orgs/Axa/members HTTP/1.1\" 200 634 \"-\" \"PostmanRuntime/7.19.0\"\n","level":"info"}
{"message":"::1 - - [19/Nov/2019:03:56:45 +0000] \"GET /orgs/Xendit/members HTTP/1.1\" 200 931 \"-\" \"PostmanRuntime/7.19.0\"\n","level":"info"}
{"message":"::1 - - [19/Nov/2019:03:58:15 +0000] \"GET /orgs/Xendit/members HTTP/1.1\" 200 2 \"-\" \"PostmanRuntime/7.19.0\"\n","level":"info"}
{"message":"::1 - - [19/Nov/2019:03:58:26 +0000] \"GET /orgs/Xendit/members HTTP/1.1\" 200 2 \"-\" \"PostmanRuntime/7.19.0\"\n","level":"info"}
{"message":"::1 - - [19/Nov/2019:03:58:43 +0000] \"GET /orgs/Xendit/members HTTP/1.1\" 200 2 \"-\" \"PostmanRuntime/7.19.0\"\n","level":"info"}
{"message":"::1 - - [19/Nov/2019:03:58:44 +0000] \"GET /orgs/Xendit/members HTTP/1.1\" 200 2 \"-\" \"PostmanRuntime/7.19.0\"\n","level":"info"}
{"message":"::1 - - [19/Nov/2019:03:58:57 +0000] \"GET /orgs/Xendit/members HTTP/1.1\" 200 2 \"-\" \"PostmanRuntime/7.19.0\"\n","level":"info"}
{"message":"::1 - - [19/Nov/2019:03:58:57 +0000] \"GET /orgs/Xendit/members HTTP/1.1\" 200 2 \"-\" \"PostmanRuntime/7.19.0\"\n","level":"info"}
{"message":"::1 - - [19/Nov/2019:03:58:59 +0000] \"GET /orgs/Xendit/members HTTP/1.1\" 200 2 \"-\" \"PostmanRuntime/7.19.0\"\n","level":"info"}
{"message":"::1 - - [19/Nov/2019:03:59:04 +0000] \"GET /orgs/Axa/members HTTP/1.1\" 200 2 \"-\" \"PostmanRuntime/7.19.0\"\n","level":"info"}
{"message":"::1 - - [19/Nov/2019:03:59:28 +0000] \"GET /orgs/Axa/members HTTP/1.1\" 200 634 \"-\" \"PostmanRuntime/7.19.0\"\n","level":"info"}
{"message":"::1 - - [19/Nov/2019:03:59:31 +0000] \"GET /orgs/Xendit/members HTTP/1.1\" 200 931 \"-\" \"PostmanRuntime/7.19.0\"\n","level":"info"}
{"message":"::1 - - [19/Nov/2019:03:59:42 +0000] \"GET /orgs/ee/members HTTP/1.1\" 200 2 \"-\" \"PostmanRuntime/7.19.0\"\n","level":"info"}
{"message":"::1 - - [19/Nov/2019:03:59:46 +0000] \"GET /orgs/Xendit/members HTTP/1.1\" 200 931 \"-\" \"PostmanRuntime/7.19.0\"\n","level":"info"}
{"message":"::1 - - [19/Nov/2019:03:59:55 +0000] \"GET /orgs/Xendit/members HTTP/1.1\" 200 931 \"-\" \"PostmanRuntime/7.19.0\"\n","level":"info"}
{"message":"::1 - - [19/Nov/2019:03:59:57 +0000] \"GET /orgs/ee/members HTTP/1.1\" 200 2 \"-\" \"PostmanRuntime/7.19.0\"\n","level":"info"}
{"message":"::1 - - [19/Nov/2019:04:00:00 +0000] \"GET /orgs/Xendit/members HTTP/1.1\" 200 931 \"-\" \"PostmanRuntime/7.19.0\"\n","level":"info"}
{"message":"::1 - - [19/Nov/2019:04:00:37 +0000] \"GET /orgs/Xendit/members HTTP/1.1\" 200 931 \"-\" \"PostmanRuntime/7.19.0\"\n","level":"info"}
{"message":"::1 - - [19/Nov/2019:04:00:41 +0000] \"GET /orgs/Axa/members HTTP/1.1\" 200 634 \"-\" \"PostmanRuntime/7.19.0\"\n","level":"info"}
{"message":"::1 - - [19/Nov/2019:04:32:31 +0000] \"POST /orgs/Axa/comments HTTP/1.1\" 402 9 \"-\" \"PostmanRuntime/7.19.0\"\n","level":"info"}
{"message":"::1 - - [19/Nov/2019:04:32:59 +0000] \"POST /orgs/Axa/comments HTTP/1.1\" 402 2 \"-\" \"PostmanRuntime/7.19.0\"\n","level":"info"}
{"message":"::1 - - [19/Nov/2019:04:33:09 +0000] \"POST /orgs/Axa/comments HTTP/1.1\" 402 2 \"-\" \"PostmanRuntime/7.19.0\"\n","level":"info"}
{"message":"::1 - - [19/Nov/2019:04:33:24 +0000] \"POST /orgs/Axa/comments HTTP/1.1\" 402 23 \"-\" \"PostmanRuntime/7.19.0\"\n","level":"info"}
{"message":"::1 - - [19/Nov/2019:04:33:36 +0000] \"POST /orgs/Axa/comments HTTP/1.1\" 402 23 \"-\" \"PostmanRuntime/7.19.0\"\n","level":"info"}
{"message":"::1 - - [19/Nov/2019:04:34:01 +0000] \"POST /orgs/Axa/comments HTTP/1.1\" 402 23 \"-\" \"PostmanRuntime/7.19.0\"\n","level":"info"}
{"message":"::1 - - [19/Nov/2019:04:34:12 +0000] \"POST /orgs/Axa/comments HTTP/1.1\" 200 185 \"-\" \"PostmanRuntime/7.19.0\"\n","level":"info"}
{"message":"::1 - - [19/Nov/2019:04:34:20 +0000] \"POST /orgs/Axa/comments HTTP/1.1\" 200 185 \"-\" \"PostmanRuntime/7.19.0\"\n","level":"info"}
{"message":"::1 - - [19/Nov/2019:04:38:27 +0000] \"POST /orgs/Axa/comments HTTP/1.1\" 402 31 \"-\" \"PostmanRuntime/7.19.0\"\n","level":"info"}
{"message":"::1 - - [19/Nov/2019:04:38:31 +0000] \"POST /orgs/Axa/comments HTTP/1.1\" 402 31 \"-\" \"PostmanRuntime/7.19.0\"\n","level":"info"}
{"message":"::1 - - [19/Nov/2019:04:39:10 +0000] \"POST /orgs/Axa/comments HTTP/1.1\" 402 53 \"-\" \"PostmanRuntime/7.19.0\"\n","level":"info"}
{"message":"::1 - - [19/Nov/2019:04:39:17 +0000] \"POST /orgs/Axa/comments HTTP/1.1\" 402 53 \"-\" \"PostmanRuntime/7.19.0\"\n","level":"info"}
{"message":"::1 - - [19/Nov/2019:04:39:19 +0000] \"POST /orgs/Axa/comments HTTP/1.1\" 402 53 \"-\" \"PostmanRuntime/7.19.0\"\n","level":"info"}
{"message":"::1 - - [19/Nov/2019:04:39:23 +0000] \"POST /orgs/Axa/comments HTTP/1.1\" 200 107 \"-\" \"PostmanRuntime/7.19.0\"\n","level":"info"}
{"message":"::1 - - [19/Nov/2019:04:39:27 +0000] \"POST /orgs/Axa/comments HTTP/1.1\" 200 107 \"-\" \"PostmanRuntime/7.19.0\"\n","level":"info"}
{"message":"::1 - - [19/Nov/2019:04:39:43 +0000] \"POST /orgs/Axa/comments HTTP/1.1\" 200 107 \"-\" \"PostmanRuntime/7.19.0\"\n","level":"info"}
{"message":"::1 - - [19/Nov/2019:04:39:45 +0000] \"POST /orgs/Axa/comments HTTP/1.1\" 200 107 \"-\" \"PostmanRuntime/7.19.0\"\n","level":"info"}
{"message":"::1 - - [19/Nov/2019:04:39:46 +0000] \"POST /orgs/Axa/comments HTTP/1.1\" 200 107 \"-\" \"PostmanRuntime/7.19.0\"\n","level":"info"}
{"message":"::1 - - [19/Nov/2019:04:39:47 +0000] \"POST /orgs/Axa/comments HTTP/1.1\" 200 107 \"-\" \"PostmanRuntime/7.19.0\"\n","level":"info"}
{"message":"::1 - - [19/Nov/2019:04:39:55 +0000] \"POST /orgs/Axa/comments HTTP/1.1\" 200 107 \"-\" \"PostmanRuntime/7.19.0\"\n","level":"info"}
{"message":"::1 - - [19/Nov/2019:04:40:03 +0000] \"POST /orgs/Axa/comments HTTP/1.1\" 200 107 \"-\" \"PostmanRuntime/7.19.0\"\n","level":"info"}
{"message":"::1 - - [19/Nov/2019:04:40:05 +0000] \"POST /orgs/Axa/comments HTTP/1.1\" 200 107 \"-\" \"PostmanRuntime/7.19.0\"\n","level":"info"}
{"message":"::1 - - [19/Nov/2019:04:40:18 +0000] \"POST /orgs/Axa/comments HTTP/1.1\" 200 107 \"-\" \"PostmanRuntime/7.19.0\"\n","level":"info"}
{"message":"::1 - - [19/Nov/2019:04:40:31 +0000] \"POST /orgs/Axa/comments HTTP/1.1\" 200 107 \"-\" \"PostmanRuntime/7.19.0\"\n","level":"info"}
{"message":"::1 - - [19/Nov/2019:04:41:06 +0000] \"POST /orgs/Axa/comments HTTP/1.1\" 200 107 \"-\" \"PostmanRuntime/7.19.0\"\n","level":"info"}
{"message":"::1 - - [19/Nov/2019:04:43:19 +0000] \"POST /orgs/Axa/comments HTTP/1.1\" - - \"-\" \"PostmanRuntime/7.19.0\"\n","level":"info"}
{"message":"::1 - - [19/Nov/2019:04:43:28 +0000] \"POST /orgs/Axa/comments HTTP/1.1\" 402 58 \"-\" \"PostmanRuntime/7.19.0\"\n","level":"info"}
{"message":"::1 - - [19/Nov/2019:04:43:56 +0000] \"POST /orgs/Axa/comments HTTP/1.1\" 402 53 \"-\" \"PostmanRuntime/7.19.0\"\n","level":"info"}
{"message":"::1 - - [19/Nov/2019:04:44:23 +0000] \"POST /orgs/Axa/comments HTTP/1.1\" 402 53 \"-\" \"PostmanRuntime/7.19.0\"\n","level":"info"}
{"message":"::1 - - [19/Nov/2019:04:44:35 +0000] \"POST /orgs/Axa/comments HTTP/1.1\" 402 53 \"-\" \"PostmanRuntime/7.19.0\"\n","level":"info"}
{"message":"::1 - - [19/Nov/2019:04:44:43 +0000] \"POST /orgs/Axa/comments HTTP/1.1\" 402 53 \"-\" \"PostmanRuntime/7.19.0\"\n","level":"info"}
{"message":"::1 - - [19/Nov/2019:04:45:07 +0000] \"POST /orgs/Axa/comments HTTP/1.1\" 200 185 \"-\" \"PostmanRuntime/7.19.0\"\n","level":"info"}
{"message":"::1 - - [19/Nov/2019:04:45:08 +0000] \"POST /orgs/Axa/comments HTTP/1.1\" 402 58 \"-\" \"PostmanRuntime/7.19.0\"\n","level":"info"}
{"message":"::1 - - [19/Nov/2019:04:45:10 +0000] \"POST /orgs/Axa/comments HTTP/1.1\" 402 58 \"-\" \"PostmanRuntime/7.19.0\"\n","level":"info"}
{"message":"::1 - - [19/Nov/2019:04:45:13 +0000] \"POST /orgs/Axa/comments HTTP/1.1\" 200 185 \"-\" \"PostmanRuntime/7.19.0\"\n","level":"info"}
{"message":"::1 - - [19/Nov/2019:04:45:55 +0000] \"POST /orgs/Axa/comments HTTP/1.1\" 200 185 \"-\" \"PostmanRuntime/7.19.0\"\n","level":"info"}
{"message":"::1 - - [19/Nov/2019:04:46:00 +0000] \"POST /orgs/Axa/comments HTTP/1.1\" 200 185 \"-\" \"PostmanRuntime/7.19.0\"\n","level":"info"}
{"message":"::1 - - [19/Nov/2019:04:46:04 +0000] \"POST /orgs/Axa/comments HTTP/1.1\" 402 58 \"-\" \"PostmanRuntime/7.19.0\"\n","level":"info"}
{"message":"::1 - - [19/Nov/2019:04:46:10 +0000] \"POST /orgs/Axa/comments HTTP/1.1\" 402 58 \"-\" \"PostmanRuntime/7.19.0\"\n","level":"info"}
{"message":"::1 - - [19/Nov/2019:04:46:12 +0000] \"POST /orgs/Axa/comments HTTP/1.1\" 402 58 \"-\" \"PostmanRuntime/7.19.0\"\n","level":"info"}
{"message":"::1 - - [19/Nov/2019:04:46:36 +0000] \"POST /orgs/Xendit/comments HTTP/1.1\" 200 185 \"-\" \"PostmanRuntime/7.19.0\"\n","level":"info"}
{"message":"::1 - - [19/Nov/2019:04:46:40 +0000] \"POST /orgs/Axa/comments HTTP/1.1\" 402 58 \"-\" \"PostmanRuntime/7.19.0\"\n","level":"info"}
{"message":"::1 - - [19/Nov/2019:04:46:57 +0000] \"POST /orgs/Xendit/comments HTTP/1.1\" 200 207 \"-\" \"PostmanRuntime/7.19.0\"\n","level":"info"}
{"message":"::1 - - [19/Nov/2019:04:48:37 +0000] \"POST /orgs/Axa/comments HTTP/1.1\" 402 58 \"-\" \"PostmanRuntime/7.19.0\"\n","level":"info"}
{"message":"::1 - - [19/Nov/2019:04:48:51 +0000] \"POST /orgs/Xendit/comments HTTP/1.1\" 200 207 \"-\" \"PostmanRuntime/7.19.0\"\n","level":"info"}
{"message":"::1 - - [19/Nov/2019:05:23:20 +0000] \"GET /orgs/Xendit/comments HTTP/1.1\" 200 757 \"-\" \"PostmanRuntime/7.19.0\"\n","level":"info"}
{"message":"::1 - - [19/Nov/2019:05:23:25 +0000] \"GET /orgs/Axa/comments HTTP/1.1\" 402 58 \"-\" \"PostmanRuntime/7.19.0\"\n","level":"info"}
{"message":"::1 - - [19/Nov/2019:05:23:32 +0000] \"GET /orgs/Axa/comments HTTP/1.1\" 200 757 \"-\" \"PostmanRuntime/7.19.0\"\n","level":"info"}
{"message":"::1 - - [19/Nov/2019:05:23:41 +0000] \"GET /orgs/Xendit/comments HTTP/1.1\" 200 757 \"-\" \"PostmanRuntime/7.19.0\"\n","level":"info"}
{"message":"::1 - - [19/Nov/2019:05:24:55 +0000] \"GET /orgs/Xendit/comments HTTP/1.1\" 200 757 \"-\" \"PostmanRuntime/7.19.0\"\n","level":"info"}
{"message":"::1 - - [19/Nov/2019:05:25:05 +0000] \"GET /orgs/Xendit/comments HTTP/1.1\" 200 757 \"-\" \"PostmanRuntime/7.19.0\"\n","level":"info"}
{"message":"::1 - - [19/Nov/2019:05:25:24 +0000] \"GET /orgs/Xendit/comments HTTP/1.1\" 200 757 \"-\" \"PostmanRuntime/7.19.0\"\n","level":"info"}
{"message":"::1 - - [19/Nov/2019:05:25:26 +0000] \"GET /orgs/Xendit/comments HTTP/1.1\" 200 757 \"-\" \"PostmanRuntime/7.19.0\"\n","level":"info"}
{"message":"::1 - - [19/Nov/2019:05:26:23 +0000] \"GET /orgs/Xendit/comments HTTP/1.1\" 200 564 \"-\" \"PostmanRuntime/7.19.0\"\n","level":"info"}
{"message":"::1 - - [19/Nov/2019:05:26:28 +0000] \"GET /orgs/Axa/comments HTTP/1.1\" 200 1191 \"-\" \"PostmanRuntime/7.19.0\"\n","level":"info"}
{"message":"::1 - - [19/Nov/2019:05:28:40 +0000] \"GET /orgs/Axa/comments HTTP/1.1\" 200 1191 \"-\" \"PostmanRuntime/7.19.0\"\n","level":"info"}
{"message":"::1 - - [19/Nov/2019:05:28:46 +0000] \"GET /orgs/Xendit/comments HTTP/1.1\" 200 564 \"-\" \"PostmanRuntime/7.19.0\"\n","level":"info"}
{"message":"::1 - - [19/Nov/2019:05:29:39 +0000] \"GET /orgs/Xendit/comments HTTP/1.1\" 200 577 \"-\" \"PostmanRuntime/7.19.0\"\n","level":"info"}
{"message":"::1 - - [19/Nov/2019:05:32:20 +0000] \"GET /orgs/Xendit/comments HTTP/1.1\" 200 577 \"-\" \"PostmanRuntime/7.19.0\"\n","level":"info"}
{"message":"::1 - - [19/Nov/2019:05:39:43 +0000] \"DELETE /orgs/Xendit/comments/5dd373acf9d2544d0816c1e5 HTTP/1.1\" 200 40 \"-\" \"PostmanRuntime/7.19.0\"\n","level":"info"}
{"message":"::1 - - [19/Nov/2019:05:42:22 +0000] \"DELETE /orgs/Xendit/comments/5dd373acf9d2544d0816c1e5 HTTP/1.1\" 200 40 \"-\" \"PostmanRuntime/7.19.0\"\n","level":"info"}
{"message":"::1 - - [19/Nov/2019:05:44:03 +0000] \"DELETE /orgs/Xendit/comments/5dd373acf9d2544d0816c1e5 HTTP/1.1\" 200 40 \"-\" \"PostmanRuntime/7.19.0\"\n","level":"info"}
{"message":"::1 - - [19/Nov/2019:05:44:05 +0000] \"DELETE /orgs/Xendit/comments/5dd373acf9d2544d0816c1e5 HTTP/1.1\" 200 40 \"-\" \"PostmanRuntime/7.19.0\"\n","level":"info"}
{"message":"::1 - - [19/Nov/2019:05:44:07 +0000] \"DELETE /orgs/Xendit/comments/5dd373acf9d2544d0816c1e5 HTTP/1.1\" 200 40 \"-\" \"PostmanRuntime/7.19.0\"\n","level":"info"}
{"message":"::1 - - [19/Nov/2019:05:44:08 +0000] \"DELETE /orgs/Xendit/comments/5dd373acf9d2544d0816c1e5 HTTP/1.1\" 200 40 \"-\" \"PostmanRuntime/7.19.0\"\n","level":"info"}
{"message":"::1 - - [19/Nov/2019:05:44:09 +0000] \"DELETE /orgs/Xendit/comments/5dd373acf9d2544d0816c1e5 HTTP/1.1\" 200 40 \"-\" \"PostmanRuntime/7.19.0\"\n","level":"info"}
{"message":"::1 - - [19/Nov/2019:05:44:09 +0000] \"DELETE /orgs/Xendit/comments/5dd373acf9d2544d0816c1e5 HTTP/1.1\" 200 40 \"-\" \"PostmanRuntime/7.19.0\"\n","level":"info"}
{"message":"::1 - - [19/Nov/2019:05:44:10 +0000] \"DELETE /orgs/Xendit/comments/5dd373acf9d2544d0816c1e5 HTTP/1.1\" 200 40 \"-\" \"PostmanRuntime/7.19.0\"\n","level":"info"}
{"message":"::1 - - [19/Nov/2019:05:47:10 +0000] \"DELETE /orgs/Xendit/comments/5dd373acf9d2544d0816c1e5 HTTP/1.1\" 200 - \"-\" \"PostmanRuntime/7.19.0\"\n","level":"info"}
{"message":"::1 - - [19/Nov/2019:05:47:18 +0000] \"DELETE /orgs/Xendit/comments/5dd373acf9d2544d0816c1e5 HTTP/1.1\" 200 - \"-\" \"PostmanRuntime/7.19.0\"\n","level":"info"}
{"message":"::1 - - [19/Nov/2019:05:47:22 +0000] \"DELETE /orgs/Xendit/comments/5dd373acf9d2544d0816c1e5 HTTP/1.1\" 200 - \"-\" \"PostmanRuntime/7.19.0\"\n","level":"info"}
{"message":"::1 - - [19/Nov/2019:05:47:23 +0000] \"DELETE /orgs/Xendit/comments/5dd373acf9d2544d0816c1e5 HTTP/1.1\" 200 - \"-\" \"PostmanRuntime/7.19.0\"\n","level":"info"}
{"message":"::1 - - [19/Nov/2019:05:47:33 +0000] \"DELETE /orgs/Xendit/comments/5dd373acf9d2544d0816c1e5 HTTP/1.1\" 200 - \"-\" \"PostmanRuntime/7.19.0\"\n","level":"info"}
{"message":"::1 - - [19/Nov/2019:05:47:55 +0000] \"DELETE /orgs/Xendit/comments/5dd373acf9d2544d0816c1e5 HTTP/1.1\" 200 - \"-\" \"PostmanRuntime/7.19.0\"\n","level":"info"}
{"message":"::1 - - [19/Nov/2019:05:48:12 +0000] \"DELETE /orgs/Xendit/comments/5dd373acf9d2544d0816c1e5 HTTP/1.1\" 200 - \"-\" \"PostmanRuntime/7.19.0\"\n","level":"info"}
{"message":"::1 - - [19/Nov/2019:05:48:23 +0000] \"DELETE /orgs/Xendit/comments/5dd373acf9d2544d0816c1e5 HTTP/1.1\" 200 202 \"-\" \"PostmanRuntime/7.19.0\"\n","level":"info"}
{"message":"::1 - - [19/Nov/2019:05:48:40 +0000] \"DELETE /orgs/Xendit/comments/5dd373acf9d2544d0816c1e5 HTTP/1.1\" 200 202 \"-\" \"PostmanRuntime/7.19.0\"\n","level":"info"}
{"message":"::1 - - [19/Nov/2019:05:48:42 +0000] \"DELETE /orgs/Xendit/comments/5dd373acf9d2544d0816c1e5 HTTP/1.1\" 200 202 \"-\" \"PostmanRuntime/7.19.0\"\n","level":"info"}
{"message":"::1 - - [19/Nov/2019:05:48:44 +0000] \"DELETE /orgs/Xendit/comments/5dd373acf9d2544d0816c1e5 HTTP/1.1\" 200 202 \"-\" \"PostmanRuntime/7.19.0\"\n","level":"info"}
{"message":"::1 - - [19/Nov/2019:05:48:45 +0000] \"DELETE /orgs/Xendit/comments/5dd373acf9d2544d0816c1e5 HTTP/1.1\" 200 202 \"-\" \"PostmanRuntime/7.19.0\"\n","level":"info"}
{"message":"::1 - - [19/Nov/2019:05:48:54 +0000] \"DELETE /orgs/Xendit/comments/5dd373acf9d2544d0816c1e5 HTTP/1.1\" 200 202 \"-\" \"PostmanRuntime/7.19.0\"\n","level":"info"}
{"message":"::1 - - [19/Nov/2019:05:51:06 +0000] \"GET /orgs/Axa/members HTTP/1.1\" 200 544 \"-\" \"PostmanRuntime/7.19.0\"\n","level":"info"}
{"message":"::1 - - [19/Nov/2019:05:54:04 +0000] \"GET /orgs/Axa/comments HTTP/1.1\" 200 15 \"-\" \"PostmanRuntime/7.19.0\"\n","level":"info"}
{"message":"::1 - - [19/Nov/2019:05:54:09 +0000] \"GET /orgs/Axa/comments HTTP/1.1\" 200 1316 \"-\" \"PostmanRuntime/7.19.0\"\n","level":"info"}
{"message":"::1 - - [19/Nov/2019:05:54:24 +0000] \"GET /orgs/Axa/comments5dd373acf9d2544d0816c1e5 HTTP/1.1\" 404 180 \"-\" \"PostmanRuntime/7.19.0\"\n","level":"info"}
{"message":"::1 - - [19/Nov/2019:05:54:25 +0000] \"GET /orgs/Axa/comments5dd373acf9d2544d0816c1e5 HTTP/1.1\" 404 180 \"-\" \"PostmanRuntime/7.19.0\"\n","level":"info"}
{"message":"::1 - - [19/Nov/2019:05:54:28 +0000] \"GET /orgs/Axa/comments HTTP/1.1\" 200 1316 \"-\" \"PostmanRuntime/7.19.0\"\n","level":"info"}
{"message":"::1 - - [19/Nov/2019:05:54:33 +0000] \"GET /orgs/Xendit/comments HTTP/1.1\" 200 663 \"-\" \"PostmanRuntime/7.19.0\"\n","level":"info"}
{"message":"::1 - - [19/Nov/2019:05:55:38 +0000] \"GET /orgs/Xendit/comments HTTP/1.1\" 200 15 \"-\" \"PostmanRuntime/7.19.0\"\n","level":"info"}
{"message":"::1 - - [19/Nov/2019:05:55:39 +0000] \"GET /orgs/Xendit/comments HTTP/1.1\" 200 15 \"-\" \"PostmanRuntime/7.19.0\"\n","level":"info"}
{"message":"::1 - - [19/Nov/2019:05:55:42 +0000] \"GET /orgs/Axa/comments HTTP/1.1\" 200 15 \"-\" \"PostmanRuntime/7.19.0\"\n","level":"info"}
{"message":"::1 - - [19/Nov/2019:05:55:47 +0000] \"GET /orgs/Xendit/comments HTTP/1.1\" 200 15 \"-\" \"PostmanRuntime/7.19.0\"\n","level":"info"}
{"message":"::1 - - [19/Nov/2019:05:57:40 +0000] \"GET /orgs/Xendit/comments HTTP/1.1\" 200 436 \"-\" \"PostmanRuntime/7.19.0\"\n","level":"info"}
{"message":"::1 - - [19/Nov/2019:05:57:53 +0000] \"GET /orgs/Axa/comments HTTP/1.1\" 200 1316 \"-\" \"PostmanRuntime/7.19.0\"\n","level":"info"}
{"message":"::1 - - [19/Nov/2019:05:58:07 +0000] \"GET /orgs/Xendit/comments HTTP/1.1\" 200 436 \"-\" \"PostmanRuntime/7.19.0\"\n","level":"info"}
{"message":"::1 - - [19/Nov/2019:05:58:16 +0000] \"GET /orgs/Xendit/comments HTTP/1.1\" 200 664 \"-\" \"PostmanRuntime/7.19.0\"\n","level":"info"}
{"message":"::1 - - [19/Nov/2019:05:58:20 +0000] \"DELETE /orgs/Xendit/comments/5dd373acf9d2544d0816c1e5 HTTP/1.1\" 200 202 \"-\" \"PostmanRuntime/7.19.0\"\n","level":"info"}
{"message":"::1 - - [19/Nov/2019:05:58:54 +0000] \"DELETE /orgs/Xendit/comments/5dd373acf9d2544d0816c1ea HTTP/1.1\" 200 - \"-\" \"PostmanRuntime/7.19.0\"\n","level":"info"}
{"message":"::1 - - [19/Nov/2019:05:58:56 +0000] \"DELETE /orgs/Xendit/comments/5dd373acf9d2544d0816c1e HTTP/1.1\" 200 - \"-\" \"PostmanRuntime/7.19.0\"\n","level":"info"}
{"message":"::1 - - [19/Nov/2019:05:58:57 +0000] \"DELETE /orgs/Xendit/comments/5dd373acf9d2544d0816c1e5 HTTP/1.1\" 200 202 \"-\" \"PostmanRuntime/7.19.0\"\n","level":"info"}
{"message":"::1 - - [19/Nov/2019:06:05:32 +0000] \"GET /orgs/Xendit/comments HTTP/1.1\" 200 436 \"-\" \"PostmanRuntime/7.19.0\"\n","level":"info"}
{"message":"::1 - - [19/Nov/2019:06:05:39 +0000] \"POST /orgs/Axa/comments HTTP/1.1\" 402 58 \"-\" \"PostmanRuntime/7.19.0\"\n","level":"info"}
{"message":"::1 - - [19/Nov/2019:06:05:51 +0000] \"POST /orgs/Axa/comments HTTP/1.1\" 402 58 \"-\" \"PostmanRuntime/7.19.0\"\n","level":"info"}
{"message":"::1 - - [19/Nov/2019:06:05:55 +0000] \"POST /orgs/Axa/comments HTTP/1.1\" 200 223 \"-\" \"PostmanRuntime/7.19.0\"\n","level":"info"}
{"message":"::1 - - [19/Nov/2019:06:09:22 +0000] \"GET /orgs/Axa/members HTTP/1.1\" 200 544 \"-\" \"PostmanRuntime/7.19.0\"\n","level":"info"}
{"message":"::1 - - [19/Nov/2019:06:09:37 +0000] \"GET /orgs/Xendit/members HTTP/1.1\" 200 805 \"-\" \"PostmanRuntime/7.19.0\"\n","level":"info"}
{"message":"::1 - - [19/Nov/2019:06:09:47 +0000] \"GET /orgs/Axa/members HTTP/1.1\" 200 544 \"-\" \"PostmanRuntime/7.19.0\"\n","level":"info"}
{"message":"::1 - - [19/Nov/2019:06:10:12 +0000] \"GET /orgs/Xendit/members HTTP/1.1\" 200 805 \"-\" \"PostmanRuntime/7.19.0\"\n","level":"info"}
{"message":"::1 - - [19/Nov/2019:06:10:19 +0000] \"GET /orgs/Axa/members HTTP/1.1\" 200 544 \"-\" \"PostmanRuntime/7.19.0\"\n","level":"info"}
{"message":"::1 - - [19/Nov/2019:06:10:25 +0000] \"GET /orgs/Xendit/members HTTP/1.1\" 200 805 \"-\" \"PostmanRuntime/7.19.0\"\n","level":"info"}
{"message":"::1 - - [19/Nov/2019:06:10:36 +0000] \"GET /orgs/Xendit/members HTTP/1.1\" 200 805 \"-\" \"PostmanRuntime/7.19.0\"\n","level":"info"}
{"message":"::1 - - [19/Nov/2019:06:10:43 +0000] \"GET /orgs/axa/members HTTP/1.1\" - - \"-\" \"PostmanRuntime/7.19.0\"\n","level":"info"}
{"message":"::1 - - [19/Nov/2019:06:10:43 +0000] \"GET /orgs/Axa/members HTTP/1.1\" 200 544 \"-\" \"PostmanRuntime/7.19.0\"\n","level":"info"}
{"message":"::1 - - [19/Nov/2019:06:11:10 +0000] \"GET /orgs/axa/members HTTP/1.1\" - - \"-\" \"PostmanRuntime/7.19.0\"\n","level":"info"}
{"message":"::1 - - [19/Nov/2019:06:11:10 +0000] \"GET /orgs/Axa/members HTTP/1.1\" 200 544 \"-\" \"PostmanRuntime/7.19.0\"\n","level":"info"}
{"message":"::1 - - [19/Nov/2019:06:11:11 +0000] \"GET /orgs/Axa/members HTTP/1.1\" 200 544 \"-\" \"PostmanRuntime/7.19.0\"\n","level":"info"}
{"error":{},"level":"error","message":"uncaughtException: app.use() requires a middleware function\nTypeError: app.use() requires a middleware function\n    at Function.use (/Users/romeoenso/Desktop/Sites/calendar-scheduler/node_modules/express/lib/application.js:210:11)\n    at module.exports (/Users/romeoenso/Desktop/Sites/calendar-scheduler/src/config/routes.js:13:7)\n    at Object.<anonymous> (/Users/romeoenso/Desktop/Sites/calendar-scheduler/index.js:17:1)\n    at Module._compile (internal/modules/cjs/loader.js:774:30)\n    at Object.Module._extensions..js (internal/modules/cjs/loader.js:785:10)\n    at Module.load (internal/modules/cjs/loader.js:641:32)\n    at Function.Module._load (internal/modules/cjs/loader.js:556:12)\n    at Function.Module.runMain (internal/modules/cjs/loader.js:837:10)\n    at internal/main/run_main_module.js:17:11","stack":"TypeError: app.use() requires a middleware function\n    at Function.use (/Users/romeoenso/Desktop/Sites/calendar-scheduler/node_modules/express/lib/application.js:210:11)\n    at module.exports (/Users/romeoenso/Desktop/Sites/calendar-scheduler/src/config/routes.js:13:7)\n    at Object.<anonymous> (/Users/romeoenso/Desktop/Sites/calendar-scheduler/index.js:17:1)\n    at Module._compile (internal/modules/cjs/loader.js:774:30)\n    at Object.Module._extensions..js (internal/modules/cjs/loader.js:785:10)\n    at Module.load (internal/modules/cjs/loader.js:641:32)\n    at Function.Module._load (internal/modules/cjs/loader.js:556:12)\n    at Function.Module.runMain (internal/modules/cjs/loader.js:837:10)\n    at internal/main/run_main_module.js:17:11","exception":true,"date":"Tue Nov 19 2019 14:14:15 GMT+0800 (Philippine Standard Time)","process":{"pid":27953,"uid":501,"gid":20,"cwd":"/Users/romeoenso/Desktop/Sites/calendar-scheduler","execPath":"/usr/local/Cellar/node/12.4.0/bin/node","version":"v12.4.0","argv":["/usr/local/Cellar/node/12.4.0/bin/node","/Users/romeoenso/Desktop/Sites/calendar-scheduler/index.js"],"memoryUsage":{"rss":66699264,"heapTotal":57053184,"heapUsed":23348720,"external":19534388}},"os":{"loadavg":[2.71826171875,2.67626953125,2.6328125],"uptime":17190},"trace":[{"column":11,"file":"/Users/romeoenso/Desktop/Sites/calendar-scheduler/node_modules/express/lib/application.js","function":"Function.use","line":210,"method":"use","native":false},{"column":7,"file":"/Users/romeoenso/Desktop/Sites/calendar-scheduler/src/config/routes.js","function":"module.exports","line":13,"method":"exports","native":false},{"column":1,"file":"/Users/romeoenso/Desktop/Sites/calendar-scheduler/index.js","function":null,"line":17,"method":null,"native":false},{"column":30,"file":"internal/modules/cjs/loader.js","function":"Module._compile","line":774,"method":"_compile","native":false},{"column":10,"file":"internal/modules/cjs/loader.js","function":"Module._extensions..js","line":785,"method":".js","native":false},{"column":32,"file":"internal/modules/cjs/loader.js","function":"Module.load","line":641,"method":"load","native":false},{"column":12,"file":"internal/modules/cjs/loader.js","function":"Module._load","line":556,"method":"_load","native":false},{"column":10,"file":"internal/modules/cjs/loader.js","function":"Module.runMain","line":837,"method":"runMain","native":false},{"column":11,"file":"internal/main/run_main_module.js","function":null,"line":17,"method":null,"native":false}]}
{"message":"::1 - - [19/Nov/2019:06:17:16 +0000] \"GET /orgs/axa/members HTTP/1.1\" 500 - \"-\" \"PostmanRuntime/7.19.0\"\n","level":"info"}
{"message":"::1 - - [19/Nov/2019:06:17:32 +0000] \"GET /orgs/axa/members HTTP/1.1\" 500 63 \"-\" \"PostmanRuntime/7.19.0\"\n","level":"info"}
{"message":"::1 - - [19/Nov/2019:06:17:45 +0000] \"GET /orgs/axa/members HTTP/1.1\" 500 63 \"-\" \"PostmanRuntime/7.19.0\"\n","level":"info"}
{"message":"::1 - - [19/Nov/2019:06:17:46 +0000] \"GET /orgs/axa/members HTTP/1.1\" 500 63 \"-\" \"PostmanRuntime/7.19.0\"\n","level":"info"}
{"message":"::1 - - [19/Nov/2019:06:17:53 +0000] \"GET /orgs/Axa/members HTTP/1.1\" 200 544 \"-\" \"PostmanRuntime/7.19.0\"\n","level":"info"}
{"message":"::1 - - [19/Nov/2019:06:17:58 +0000] \"GET /orgs/axa/members HTTP/1.1\" 500 63 \"-\" \"PostmanRuntime/7.19.0\"\n","level":"info"}
{"message":"::1 - - [19/Nov/2019:06:18:12 +0000] \"GET /orgs/axa/members HTTP/1.1\" 500 25 \"-\" \"PostmanRuntime/7.19.0\"\n","level":"info"}
{"message":"::1 - - [19/Nov/2019:06:18:26 +0000] \"GET /orgs/axa/members HTTP/1.1\" 500 2 \"-\" \"PostmanRuntime/7.19.0\"\n","level":"info"}
{"message":"::1 - - [19/Nov/2019:06:18:31 +0000] \"GET /orgs/axa/members HTTP/1.1\" 500 25 \"-\" \"PostmanRuntime/7.19.0\"\n","level":"info"}
{"message":"::1 - - [19/Nov/2019:06:20:06 +0000] \"GET /orgs/axa/members HTTP/1.1\" 500 25 \"-\" \"PostmanRuntime/7.19.0\"\n","level":"info"}
{"message":"::1 - - [19/Nov/2019:06:20:10 +0000] \"GET /orgs/Axa/members HTTP/1.1\" 200 544 \"-\" \"PostmanRuntime/7.19.0\"\n","level":"info"}
{"message":"::1 - - [19/Nov/2019:06:20:12 +0000] \"GET /orgs/Xendit/members HTTP/1.1\" 200 805 \"-\" \"PostmanRuntime/7.19.0\"\n","level":"info"}
{"message":"::1 - - [19/Nov/2019:06:20:19 +0000] \"POST /orgs/Axa/comments HTTP/1.1\" 200 223 \"-\" \"PostmanRuntime/7.19.0\"\n","level":"info"}
{"message":"::1 - - [19/Nov/2019:06:20:22 +0000] \"POST /orgs/Axa/comments HTTP/1.1\" 402 58 \"-\" \"PostmanRuntime/7.19.0\"\n","level":"info"}
{"message":"::1 - - [19/Nov/2019:06:20:27 +0000] \"POST /orgs/Axa/comments HTTP/1.1\" 402 58 \"-\" \"PostmanRuntime/7.19.0\"\n","level":"info"}
{"message":"::1 - - [19/Nov/2019:06:20:30 +0000] \"POST /orgs/Axa/comments HTTP/1.1\" 200 223 \"-\" \"PostmanRuntime/7.19.0\"\n","level":"info"}
{"message":"::1 - - [19/Nov/2019:06:20:32 +0000] \"POST /orgs/axa/comments HTTP/1.1\" 402 39 \"-\" \"PostmanRuntime/7.19.0\"\n","level":"info"}
{"message":"::ffff:172.18.0.1 - - [19/Nov/2019:07:43:20 +0000] \"GET /seed/ HTTP/1.1\" 200 16 \"-\" \"PostmanRuntime/7.19.0\"\n","level":"info"}
{"message":"::ffff:172.18.0.1 - - [19/Nov/2019:07:44:20 +0000] \"POST /orgs/axa/comments HTTP/1.1\" 402 39 \"-\" \"PostmanRuntime/7.19.0\"\n","level":"info"}
{"message":"::ffff:172.18.0.1 - - [19/Nov/2019:07:44:23 +0000] \"POST /orgs/Axa/comments HTTP/1.1\" 402 58 \"-\" \"PostmanRuntime/7.19.0\"\n","level":"info"}
{"message":"::ffff:172.18.0.1 - - [19/Nov/2019:07:45:12 +0000] \"POST /orgs/Axa/comments HTTP/1.1\" 402 58 \"-\" \"PostmanRuntime/7.19.0\"\n","level":"info"}
{"message":"::ffff:172.18.0.1 - - [19/Nov/2019:07:45:15 +0000] \"GET /orgs/Xendit/members HTTP/1.1\" 200 804 \"-\" \"PostmanRuntime/7.19.0\"\n","level":"info"}
{"message":"::ffff:172.18.0.1 - - [19/Nov/2019:07:45:18 +0000] \"GET /orgs/xendit/members HTTP/1.1\" 500 25 \"-\" \"PostmanRuntime/7.19.0\"\n","level":"info"}
{"message":"::ffff:172.18.0.1 - - [19/Nov/2019:07:45:19 +0000] \"GET /orgs/xendit/members HTTP/1.1\" 500 25 \"-\" \"PostmanRuntime/7.19.0\"\n","level":"info"}
{"message":"::ffff:172.18.0.1 - - [19/Nov/2019:07:45:21 +0000] \"GET /orgs/Xendit/members HTTP/1.1\" 200 804 \"-\" \"PostmanRuntime/7.19.0\"\n","level":"info"}
{"message":"::ffff:172.19.0.1 - - [19/Nov/2019:07:46:53 +0000] \"GET /seed/ HTTP/1.1\" 200 16 \"-\" \"PostmanRuntime/7.19.0\"\n","level":"info"}
{"message":"::ffff:172.19.0.1 - - [19/Nov/2019:07:47:04 +0000] \"GET /orgs/xendit/members HTTP/1.1\" 200 816 \"-\" \"PostmanRuntime/7.19.0\"\n","level":"info"}
{"message":"::ffff:172.19.0.1 - - [19/Nov/2019:07:47:17 +0000] \"POST /orgs/xenidt/comments HTTP/1.1\" 402 39 \"-\" \"PostmanRuntime/7.19.0\"\n","level":"info"}
{"message":"::ffff:172.19.0.1 - - [19/Nov/2019:07:47:21 +0000] \"POST /orgs/xendit/comments HTTP/1.1\" 200 229 \"-\" \"PostmanRuntime/7.19.0\"\n","level":"info"}
{"message":"::ffff:172.19.0.1 - - [19/Nov/2019:07:47:32 +0000] \"GET /orgs/xendit/comments HTTP/1.1\" 200 231 \"-\" \"PostmanRuntime/7.19.0\"\n","level":"info"}
{"message":"::ffff:172.19.0.1 - - [19/Nov/2019:07:47:34 +0000] \"GET /orgs/axa/comments HTTP/1.1\" 200 15 \"-\" \"PostmanRuntime/7.19.0\"\n","level":"info"}
